INFO [2023-02-15 12:47:50] $x
INFO [2023-02-15 12:47:50] list(A = unique(j[substr(j, 1, 12) %in% subtypes$patient[subtypes$Expression.Subtype == 
INFO [2023-02-15 12:47:50]     x]]), B = unique(i[substr(i, 1, 12) %in% subtypes$patient[subtypes$Expression.Subtype == 
INFO [2023-02-15 12:47:50]     x]]), C = unique(k[substr(k, 1, 12) %in% subtypes$patient[subtypes$Expression.Subtype == 
INFO [2023-02-15 12:47:50]     x]]))
INFO [2023-02-15 12:47:50] 
INFO [2023-02-15 12:47:50] $col
INFO [2023-02-15 12:47:50] [1] "transparent"
INFO [2023-02-15 12:47:50] 
INFO [2023-02-15 12:47:50] $fill
INFO [2023-02-15 12:47:50] c("cornflowerblue", "green", "red")
INFO [2023-02-15 12:47:50] 
INFO [2023-02-15 12:47:50] $alpha
INFO [2023-02-15 12:47:50] [1] 0.5
INFO [2023-02-15 12:47:50] 
INFO [2023-02-15 12:47:50] $cex
INFO [2023-02-15 12:47:50] [1] 1.5
INFO [2023-02-15 12:47:50] 
INFO [2023-02-15 12:47:50] $cat.cex
INFO [2023-02-15 12:47:50] [1] 1.5
INFO [2023-02-15 12:47:50] 
INFO [2023-02-15 12:47:50] $margin
INFO [2023-02-15 12:47:50] [1] 0.1
INFO [2023-02-15 12:47:50] 
INFO [2023-02-15 12:47:50] $fontfamily
INFO [2023-02-15 12:47:50] [1] "sans"
INFO [2023-02-15 12:47:50] 
INFO [2023-02-15 12:47:50] $cat.fontfamily
INFO [2023-02-15 12:47:50] rep("sans", 3)
INFO [2023-02-15 12:47:50] 
INFO [2023-02-15 12:47:50] $category.names
INFO [2023-02-15 12:47:50] c("RNAseq", "HM450", "miRNAseq")
INFO [2023-02-15 12:47:50] 
INFO [2023-02-15 12:47:50] $filename
INFO [2023-02-15 12:47:50] [1] "a"
INFO [2023-02-15 12:47:50] 
INFO [2023-02-15 12:47:50] $x
INFO [2023-02-15 12:47:50] list(A = unique(j[substr(j, 1, 12) %in% subtypes$patient[subtypes$Expression.Subtype == 
INFO [2023-02-15 12:47:50]     x]]), B = unique(i[substr(i, 1, 12) %in% subtypes$patient[subtypes$Expression.Subtype == 
INFO [2023-02-15 12:47:50]     x]]), C = unique(k[substr(k, 1, 12) %in% subtypes$patient[subtypes$Expression.Subtype == 
INFO [2023-02-15 12:47:50]     x]]))
INFO [2023-02-15 12:47:50] 
INFO [2023-02-15 12:47:50] $col
INFO [2023-02-15 12:47:50] [1] "transparent"
INFO [2023-02-15 12:47:50] 
INFO [2023-02-15 12:47:50] $fill
INFO [2023-02-15 12:47:50] c("cornflowerblue", "green", "red")
INFO [2023-02-15 12:47:50] 
INFO [2023-02-15 12:47:50] $alpha
INFO [2023-02-15 12:47:50] [1] 0.5
INFO [2023-02-15 12:47:50] 
INFO [2023-02-15 12:47:50] $cex
INFO [2023-02-15 12:47:50] [1] 1.5
INFO [2023-02-15 12:47:50] 
INFO [2023-02-15 12:47:50] $cat.cex
INFO [2023-02-15 12:47:50] [1] 1.5
INFO [2023-02-15 12:47:50] 
INFO [2023-02-15 12:47:50] $margin
INFO [2023-02-15 12:47:50] [1] 0.1
INFO [2023-02-15 12:47:50] 
INFO [2023-02-15 12:47:50] $fontfamily
INFO [2023-02-15 12:47:50] [1] "sans"
INFO [2023-02-15 12:47:50] 
INFO [2023-02-15 12:47:50] $cat.fontfamily
INFO [2023-02-15 12:47:50] rep("sans", 3)
INFO [2023-02-15 12:47:50] 
INFO [2023-02-15 12:47:50] $category.names
INFO [2023-02-15 12:47:50] c("RNAseq", "HM450", "miRNAseq")
INFO [2023-02-15 12:47:50] 
INFO [2023-02-15 12:47:50] $filename
INFO [2023-02-15 12:47:50] [1] "a"
INFO [2023-02-15 12:47:50] 
