INFO [2023-02-15 12:47:51] $x
INFO [2023-02-15 12:47:51] list(A = unique(j[substr(j, 1, 12) %in% subtypes$patient[subtypes$Expression.Subtype == 
INFO [2023-02-15 12:47:51]     x]]), B = unique(i[substr(i, 1, 12) %in% subtypes$patient[subtypes$Expression.Subtype == 
INFO [2023-02-15 12:47:51]     x]]), C = unique(k[substr(k, 1, 12) %in% subtypes$patient[subtypes$Expression.Subtype == 
INFO [2023-02-15 12:47:51]     x]]))
INFO [2023-02-15 12:47:51] 
INFO [2023-02-15 12:47:51] $col
INFO [2023-02-15 12:47:51] [1] "transparent"
INFO [2023-02-15 12:47:51] 
INFO [2023-02-15 12:47:51] $fill
INFO [2023-02-15 12:47:51] c("cornflowerblue", "green", "red")
INFO [2023-02-15 12:47:51] 
INFO [2023-02-15 12:47:51] $alpha
INFO [2023-02-15 12:47:51] [1] 0.5
INFO [2023-02-15 12:47:51] 
INFO [2023-02-15 12:47:51] $cex
INFO [2023-02-15 12:47:51] [1] 1.5
INFO [2023-02-15 12:47:51] 
INFO [2023-02-15 12:47:51] $cat.cex
INFO [2023-02-15 12:47:51] [1] 1.5
INFO [2023-02-15 12:47:51] 
INFO [2023-02-15 12:47:51] $margin
INFO [2023-02-15 12:47:51] [1] 0.1
INFO [2023-02-15 12:47:51] 
INFO [2023-02-15 12:47:51] $fontfamily
INFO [2023-02-15 12:47:51] [1] "sans"
INFO [2023-02-15 12:47:51] 
INFO [2023-02-15 12:47:51] $cat.fontfamily
INFO [2023-02-15 12:47:51] rep("sans", 3)
INFO [2023-02-15 12:47:51] 
INFO [2023-02-15 12:47:51] $category.names
INFO [2023-02-15 12:47:51] c("RNAseq", "HM450", "miRNAseq")
INFO [2023-02-15 12:47:51] 
INFO [2023-02-15 12:47:51] $filename
INFO [2023-02-15 12:47:51] [1] "a"
INFO [2023-02-15 12:47:51] 
INFO [2023-02-15 12:47:51] $x
INFO [2023-02-15 12:47:51] list(A = unique(j[substr(j, 1, 12) %in% subtypes$patient[subtypes$Expression.Subtype == 
INFO [2023-02-15 12:47:51]     x]]), B = unique(i[substr(i, 1, 12) %in% subtypes$patient[subtypes$Expression.Subtype == 
INFO [2023-02-15 12:47:51]     x]]), C = unique(k[substr(k, 1, 12) %in% subtypes$patient[subtypes$Expression.Subtype == 
INFO [2023-02-15 12:47:51]     x]]))
INFO [2023-02-15 12:47:51] 
INFO [2023-02-15 12:47:51] $col
INFO [2023-02-15 12:47:51] [1] "transparent"
INFO [2023-02-15 12:47:51] 
INFO [2023-02-15 12:47:51] $fill
INFO [2023-02-15 12:47:51] c("cornflowerblue", "green", "red")
INFO [2023-02-15 12:47:51] 
INFO [2023-02-15 12:47:51] $alpha
INFO [2023-02-15 12:47:51] [1] 0.5
INFO [2023-02-15 12:47:51] 
INFO [2023-02-15 12:47:51] $cex
INFO [2023-02-15 12:47:51] [1] 1.5
INFO [2023-02-15 12:47:51] 
INFO [2023-02-15 12:47:51] $cat.cex
INFO [2023-02-15 12:47:51] [1] 1.5
INFO [2023-02-15 12:47:51] 
INFO [2023-02-15 12:47:51] $margin
INFO [2023-02-15 12:47:51] [1] 0.1
INFO [2023-02-15 12:47:51] 
INFO [2023-02-15 12:47:51] $fontfamily
INFO [2023-02-15 12:47:51] [1] "sans"
INFO [2023-02-15 12:47:51] 
INFO [2023-02-15 12:47:51] $cat.fontfamily
INFO [2023-02-15 12:47:51] rep("sans", 3)
INFO [2023-02-15 12:47:51] 
INFO [2023-02-15 12:47:51] $category.names
INFO [2023-02-15 12:47:51] c("RNAseq", "HM450", "miRNAseq")
INFO [2023-02-15 12:47:51] 
INFO [2023-02-15 12:47:51] $filename
INFO [2023-02-15 12:47:51] [1] "a"
INFO [2023-02-15 12:47:51] 
