INFO [2023-02-15 12:47:10] $x
INFO [2023-02-15 12:47:10] list(A = unique(j[substr(j, 1, 12) %in% subtypes$patient[subtypes$Expression.Subtype == 
INFO [2023-02-15 12:47:10]     x]]), B = unique(i[substr(i, 1, 12) %in% subtypes$patient[subtypes$Expression.Subtype == 
INFO [2023-02-15 12:47:10]     x]]), C = unique(k[substr(k, 1, 12) %in% subtypes$patient[subtypes$Expression.Subtype == 
INFO [2023-02-15 12:47:10]     x]]))
INFO [2023-02-15 12:47:10] 
INFO [2023-02-15 12:47:10] $col
INFO [2023-02-15 12:47:10] [1] "transparent"
INFO [2023-02-15 12:47:10] 
INFO [2023-02-15 12:47:10] $fill
INFO [2023-02-15 12:47:10] c("cornflowerblue", "green", "red")
INFO [2023-02-15 12:47:10] 
INFO [2023-02-15 12:47:10] $alpha
INFO [2023-02-15 12:47:10] [1] 0.5
INFO [2023-02-15 12:47:10] 
INFO [2023-02-15 12:47:10] $cex
INFO [2023-02-15 12:47:10] [1] 1.5
INFO [2023-02-15 12:47:10] 
INFO [2023-02-15 12:47:10] $cat.cex
INFO [2023-02-15 12:47:10] [1] 1.5
INFO [2023-02-15 12:47:10] 
INFO [2023-02-15 12:47:10] $margin
INFO [2023-02-15 12:47:10] [1] 0.1
INFO [2023-02-15 12:47:10] 
INFO [2023-02-15 12:47:10] $fontfamily
INFO [2023-02-15 12:47:10] [1] "sans"
INFO [2023-02-15 12:47:10] 
INFO [2023-02-15 12:47:10] $cat.fontfamily
INFO [2023-02-15 12:47:10] rep("sans", 3)
INFO [2023-02-15 12:47:10] 
INFO [2023-02-15 12:47:10] $category.names
INFO [2023-02-15 12:47:10] c("RNAseq", "HM450", "miRNAseq")
INFO [2023-02-15 12:47:10] 
INFO [2023-02-15 12:47:10] $filename
INFO [2023-02-15 12:47:10] x
INFO [2023-02-15 12:47:10] 
