INFO [2023-02-15 12:47:41] $x
INFO [2023-02-15 12:47:41] list(A = unique(j[substr(j, 1, 12) %in% subtypes$patient[subtypes$Expression.Subtype == 
INFO [2023-02-15 12:47:41]     x]]), B = unique(i[substr(i, 1, 12) %in% subtypes$patient[subtypes$Expression.Subtype == 
INFO [2023-02-15 12:47:41]     x]]), C = unique(k[substr(k, 1, 12) %in% subtypes$patient[subtypes$Expression.Subtype == 
INFO [2023-02-15 12:47:41]     x]]))
INFO [2023-02-15 12:47:41] 
INFO [2023-02-15 12:47:41] $col
INFO [2023-02-15 12:47:41] [1] "transparent"
INFO [2023-02-15 12:47:41] 
INFO [2023-02-15 12:47:41] $fill
INFO [2023-02-15 12:47:41] c("cornflowerblue", "green", "red")
INFO [2023-02-15 12:47:41] 
INFO [2023-02-15 12:47:41] $alpha
INFO [2023-02-15 12:47:41] [1] 0.5
INFO [2023-02-15 12:47:41] 
INFO [2023-02-15 12:47:41] $cex
INFO [2023-02-15 12:47:41] [1] 1.5
INFO [2023-02-15 12:47:41] 
INFO [2023-02-15 12:47:41] $cat.cex
INFO [2023-02-15 12:47:41] [1] 1.5
INFO [2023-02-15 12:47:41] 
INFO [2023-02-15 12:47:41] $margin
INFO [2023-02-15 12:47:41] [1] 0.1
INFO [2023-02-15 12:47:41] 
INFO [2023-02-15 12:47:41] $fontfamily
INFO [2023-02-15 12:47:41] [1] "sans"
INFO [2023-02-15 12:47:41] 
INFO [2023-02-15 12:47:41] $cat.fontfamily
INFO [2023-02-15 12:47:41] rep("sans", 3)
INFO [2023-02-15 12:47:41] 
INFO [2023-02-15 12:47:41] $category.names
INFO [2023-02-15 12:47:41] c("RNAseq", "HM450", "miRNAseq")
INFO [2023-02-15 12:47:41] 
INFO [2023-02-15 12:47:41] $filename
INFO [2023-02-15 12:47:41] x
INFO [2023-02-15 12:47:41] 
