INFO [2023-02-15 13:00:40] $x
INFO [2023-02-15 13:00:40] list(A = unique(j[substr(j, 1, 12) %in% subtypes$patient[subtypes$Expression.Subtype == 
INFO [2023-02-15 13:00:40]     x]]), B = unique(i[substr(i, 1, 12) %in% subtypes$patient[subtypes$Expression.Subtype == 
INFO [2023-02-15 13:00:40]     x]]), C = unique(k[substr(k, 1, 12) %in% subtypes$patient[subtypes$Expression.Subtype == 
INFO [2023-02-15 13:00:40]     x]]))
INFO [2023-02-15 13:00:40] 
INFO [2023-02-15 13:00:40] $col
INFO [2023-02-15 13:00:40] [1] "transparent"
INFO [2023-02-15 13:00:40] 
INFO [2023-02-15 13:00:40] $fill
INFO [2023-02-15 13:00:40] c("cornflowerblue", "green", "red")
INFO [2023-02-15 13:00:40] 
INFO [2023-02-15 13:00:40] $alpha
INFO [2023-02-15 13:00:40] [1] 0.5
INFO [2023-02-15 13:00:40] 
INFO [2023-02-15 13:00:40] $cex
INFO [2023-02-15 13:00:40] [1] 1.5
INFO [2023-02-15 13:00:40] 
INFO [2023-02-15 13:00:40] $cat.cex
INFO [2023-02-15 13:00:40] [1] 1.5
INFO [2023-02-15 13:00:40] 
INFO [2023-02-15 13:00:40] $margin
INFO [2023-02-15 13:00:40] [1] 0.1
INFO [2023-02-15 13:00:40] 
INFO [2023-02-15 13:00:40] $fontfamily
INFO [2023-02-15 13:00:40] [1] "sans"
INFO [2023-02-15 13:00:40] 
INFO [2023-02-15 13:00:40] $cat.fontfamily
INFO [2023-02-15 13:00:40] rep("sans", 3)
INFO [2023-02-15 13:00:40] 
INFO [2023-02-15 13:00:40] $category.names
INFO [2023-02-15 13:00:40] c("RNAseq", "HM450", "miRNAseq")
INFO [2023-02-15 13:00:40] 
INFO [2023-02-15 13:00:40] $filename
INFO [2023-02-15 13:00:40] x
INFO [2023-02-15 13:00:40] 
