INFO [2023-02-15 12:17:48] $x
INFO [2023-02-15 12:17:48] list(A = unique(j[substr(j, 1, 12) %in% subtypes$patient[subtypes$Expression.Subtype == 
INFO [2023-02-15 12:17:48]     x]]), B = unique(i[substr(i, 1, 12) %in% subtypes$patient[subtypes$Expression.Subtype == 
INFO [2023-02-15 12:17:48]     x]]), C = unique(k[substr(k, 1, 12) %in% subtypes$patient[subtypes$Expression.Subtype == 
INFO [2023-02-15 12:17:48]     x]]))
INFO [2023-02-15 12:17:48] 
INFO [2023-02-15 12:17:48] $col
INFO [2023-02-15 12:17:48] [1] "transparent"
INFO [2023-02-15 12:17:48] 
INFO [2023-02-15 12:17:48] $fill
INFO [2023-02-15 12:17:48] c("cornflowerblue", "green", "red")
INFO [2023-02-15 12:17:48] 
INFO [2023-02-15 12:17:48] $alpha
INFO [2023-02-15 12:17:48] [1] 0.5
INFO [2023-02-15 12:17:48] 
INFO [2023-02-15 12:17:48] $cex
INFO [2023-02-15 12:17:48] [1] 1.5
INFO [2023-02-15 12:17:48] 
INFO [2023-02-15 12:17:48] $cat.cex
INFO [2023-02-15 12:17:48] [1] 1.5
INFO [2023-02-15 12:17:48] 
INFO [2023-02-15 12:17:48] $margin
INFO [2023-02-15 12:17:48] [1] 0.1
INFO [2023-02-15 12:17:48] 
INFO [2023-02-15 12:17:48] $fontfamily
INFO [2023-02-15 12:17:48] [1] "sans"
INFO [2023-02-15 12:17:48] 
INFO [2023-02-15 12:17:48] $cat.fontfamily
INFO [2023-02-15 12:17:48] rep("sans", 3)
INFO [2023-02-15 12:17:48] 
INFO [2023-02-15 12:17:48] $category.names
INFO [2023-02-15 12:17:48] c("RNAseq", "HM450", "miRNAseq")
INFO [2023-02-15 12:17:48] 
INFO [2023-02-15 12:17:48] $filename
INFO [2023-02-15 12:17:48] x
INFO [2023-02-15 12:17:48] 
