INFO [2023-02-15 12:18:09] $x
INFO [2023-02-15 12:18:09] list(A = unique(j[substr(j, 1, 12) %in% subtypes$patient[subtypes$Expression.Subtype == 
INFO [2023-02-15 12:18:09]     x]]), B = unique(i[substr(i, 1, 12) %in% subtypes$patient[subtypes$Expression.Subtype == 
INFO [2023-02-15 12:18:09]     x]]), C = unique(k[substr(k, 1, 12) %in% subtypes$patient[subtypes$Expression.Subtype == 
INFO [2023-02-15 12:18:09]     x]]))
INFO [2023-02-15 12:18:09] 
INFO [2023-02-15 12:18:09] $col
INFO [2023-02-15 12:18:09] [1] "transparent"
INFO [2023-02-15 12:18:09] 
INFO [2023-02-15 12:18:09] $fill
INFO [2023-02-15 12:18:09] c("cornflowerblue", "green", "red")
INFO [2023-02-15 12:18:09] 
INFO [2023-02-15 12:18:09] $alpha
INFO [2023-02-15 12:18:09] [1] 0.5
INFO [2023-02-15 12:18:09] 
INFO [2023-02-15 12:18:09] $cex
INFO [2023-02-15 12:18:09] [1] 1.5
INFO [2023-02-15 12:18:09] 
INFO [2023-02-15 12:18:09] $cat.cex
INFO [2023-02-15 12:18:09] [1] 1.5
INFO [2023-02-15 12:18:09] 
INFO [2023-02-15 12:18:09] $margin
INFO [2023-02-15 12:18:09] [1] 0.1
INFO [2023-02-15 12:18:09] 
INFO [2023-02-15 12:18:09] $fontfamily
INFO [2023-02-15 12:18:09] [1] "sans"
INFO [2023-02-15 12:18:09] 
INFO [2023-02-15 12:18:09] $cat.fontfamily
INFO [2023-02-15 12:18:09] rep("sans", 3)
INFO [2023-02-15 12:18:09] 
INFO [2023-02-15 12:18:09] $category.names
INFO [2023-02-15 12:18:09] c("RNAseq", "HM450", "miRNAseq")
INFO [2023-02-15 12:18:09] 
INFO [2023-02-15 12:18:09] $filename
INFO [2023-02-15 12:18:09] x
INFO [2023-02-15 12:18:09] 
