INFO [2023-02-15 12:25:19] $x
INFO [2023-02-15 12:25:19] list(A = unique(j[substr(j, 1, 12) %in% subtypes$patient[subtypes$Expression.Subtype == 
INFO [2023-02-15 12:25:19]     x]]), B = unique(i[substr(i, 1, 12) %in% subtypes$patient[subtypes$Expression.Subtype == 
INFO [2023-02-15 12:25:19]     x]]), C = unique(k[substr(k, 1, 12) %in% subtypes$patient[subtypes$Expression.Subtype == 
INFO [2023-02-15 12:25:19]     x]]))
INFO [2023-02-15 12:25:19] 
INFO [2023-02-15 12:25:19] $col
INFO [2023-02-15 12:25:19] [1] "transparent"
INFO [2023-02-15 12:25:19] 
INFO [2023-02-15 12:25:19] $fill
INFO [2023-02-15 12:25:19] c("cornflowerblue", "green", "red")
INFO [2023-02-15 12:25:19] 
INFO [2023-02-15 12:25:19] $alpha
INFO [2023-02-15 12:25:19] [1] 0.5
INFO [2023-02-15 12:25:19] 
INFO [2023-02-15 12:25:19] $cex
INFO [2023-02-15 12:25:19] [1] 1.5
INFO [2023-02-15 12:25:19] 
INFO [2023-02-15 12:25:19] $cat.cex
INFO [2023-02-15 12:25:19] [1] 1.5
INFO [2023-02-15 12:25:19] 
INFO [2023-02-15 12:25:19] $margin
INFO [2023-02-15 12:25:19] [1] 0.1
INFO [2023-02-15 12:25:19] 
INFO [2023-02-15 12:25:19] $fontfamily
INFO [2023-02-15 12:25:19] [1] "sans"
INFO [2023-02-15 12:25:19] 
INFO [2023-02-15 12:25:19] $cat.fontfamily
INFO [2023-02-15 12:25:19] rep("sans", 3)
INFO [2023-02-15 12:25:19] 
INFO [2023-02-15 12:25:19] $category.names
INFO [2023-02-15 12:25:19] c("RNAseq", "HM450", "miRNAseq")
INFO [2023-02-15 12:25:19] 
INFO [2023-02-15 12:25:19] $filename
INFO [2023-02-15 12:25:19] x
INFO [2023-02-15 12:25:19] 
