INFO [2023-02-15 12:39:16] $x
INFO [2023-02-15 12:39:16] list(A = unique(j[substr(j, 1, 12) %in% subtypes$patient[subtypes$Expression.Subtype == 
INFO [2023-02-15 12:39:16]     x]]), B = unique(i[substr(i, 1, 12) %in% subtypes$patient[subtypes$Expression.Subtype == 
INFO [2023-02-15 12:39:16]     x]]), C = unique(k[substr(k, 1, 12) %in% subtypes$patient[subtypes$Expression.Subtype == 
INFO [2023-02-15 12:39:16]     x]]))
INFO [2023-02-15 12:39:16] 
INFO [2023-02-15 12:39:16] $col
INFO [2023-02-15 12:39:16] [1] "transparent"
INFO [2023-02-15 12:39:16] 
INFO [2023-02-15 12:39:16] $fill
INFO [2023-02-15 12:39:16] c("cornflowerblue", "green", "red")
INFO [2023-02-15 12:39:16] 
INFO [2023-02-15 12:39:16] $alpha
INFO [2023-02-15 12:39:16] [1] 0.5
INFO [2023-02-15 12:39:16] 
INFO [2023-02-15 12:39:16] $cex
INFO [2023-02-15 12:39:16] [1] 1.5
INFO [2023-02-15 12:39:16] 
INFO [2023-02-15 12:39:16] $cat.cex
INFO [2023-02-15 12:39:16] [1] 1.5
INFO [2023-02-15 12:39:16] 
INFO [2023-02-15 12:39:16] $margin
INFO [2023-02-15 12:39:16] [1] 0.1
INFO [2023-02-15 12:39:16] 
INFO [2023-02-15 12:39:16] $fontfamily
INFO [2023-02-15 12:39:16] [1] "sans"
INFO [2023-02-15 12:39:16] 
INFO [2023-02-15 12:39:16] $cat.fontfamily
INFO [2023-02-15 12:39:16] rep("sans", 3)
INFO [2023-02-15 12:39:16] 
INFO [2023-02-15 12:39:16] $category.names
INFO [2023-02-15 12:39:16] c("RNAseq", "HM450", "miRNAseq")
INFO [2023-02-15 12:39:16] 
INFO [2023-02-15 12:39:16] $filename
INFO [2023-02-15 12:39:16] x
INFO [2023-02-15 12:39:16] 
