INFO [2023-02-15 12:25:26] $x
INFO [2023-02-15 12:25:26] list(A = substr(mthyltn$cases[mthyltnLUSC$sample_type == "Solid Tissue Normal"], 
INFO [2023-02-15 12:25:26]     1, 19), B = substr(xprssn$cases[xprssnLUSC$sample_type == 
INFO [2023-02-15 12:25:26]     "Solid Tissue Normal"], 1, 19), C = substr(mirnas$cases[mirnasLUSC$sample_type == 
INFO [2023-02-15 12:25:26]     "Solid Tissue Normal"], 1, 19))
INFO [2023-02-15 12:25:26] 
INFO [2023-02-15 12:25:26] $col
INFO [2023-02-15 12:25:26] [1] "transparent"
INFO [2023-02-15 12:25:26] 
INFO [2023-02-15 12:25:26] $fill
INFO [2023-02-15 12:25:26] c("cornflowerblue", "green", "red")
INFO [2023-02-15 12:25:26] 
INFO [2023-02-15 12:25:26] $alpha
INFO [2023-02-15 12:25:26] [1] 0.5
INFO [2023-02-15 12:25:26] 
INFO [2023-02-15 12:25:26] $cex
INFO [2023-02-15 12:25:26] [1] 1.5
INFO [2023-02-15 12:25:26] 
INFO [2023-02-15 12:25:26] $cat.cex
INFO [2023-02-15 12:25:26] [1] 1.5
INFO [2023-02-15 12:25:26] 
INFO [2023-02-15 12:25:26] $margin
INFO [2023-02-15 12:25:26] [1] 0.1
INFO [2023-02-15 12:25:26] 
INFO [2023-02-15 12:25:26] $fontfamily
INFO [2023-02-15 12:25:26] [1] "sans"
INFO [2023-02-15 12:25:26] 
INFO [2023-02-15 12:25:26] $cat.fontfamily
INFO [2023-02-15 12:25:26] rep("sans", 3)
INFO [2023-02-15 12:25:26] 
INFO [2023-02-15 12:25:26] $category.names
INFO [2023-02-15 12:25:26] c("RNAseq", "HM450", "miRNAseq")
INFO [2023-02-15 12:25:26] 
INFO [2023-02-15 12:25:26] $filename
INFO [2023-02-15 12:25:26] [1] "Normal"
INFO [2023-02-15 12:25:26] 
