INFO [2023-02-15 12:25:53] $x
INFO [2023-02-15 12:25:53] list(A = substr(mthyltnLUSC$cases[mthyltnLUSC$sample_type == 
INFO [2023-02-15 12:25:53]     "Solid Tissue Normal"], 1, 19), B = substr(xprssnLUSC$cases[xprssnLUSC$sample_type == 
INFO [2023-02-15 12:25:53]     "Solid Tissue Normal"], 1, 19), C = substr(mirnasLUSC$cases[mirnasLUSC$sample_type == 
INFO [2023-02-15 12:25:53]     "Solid Tissue Normal"], 1, 19))
INFO [2023-02-15 12:25:53] 
INFO [2023-02-15 12:25:53] $col
INFO [2023-02-15 12:25:53] [1] "transparent"
INFO [2023-02-15 12:25:53] 
INFO [2023-02-15 12:25:53] $fill
INFO [2023-02-15 12:25:53] c("cornflowerblue", "green", "red")
INFO [2023-02-15 12:25:53] 
INFO [2023-02-15 12:25:53] $alpha
INFO [2023-02-15 12:25:53] [1] 0.5
INFO [2023-02-15 12:25:53] 
INFO [2023-02-15 12:25:53] $cex
INFO [2023-02-15 12:25:53] [1] 1.5
INFO [2023-02-15 12:25:53] 
INFO [2023-02-15 12:25:53] $cat.cex
INFO [2023-02-15 12:25:53] [1] 1.5
INFO [2023-02-15 12:25:53] 
INFO [2023-02-15 12:25:53] $margin
INFO [2023-02-15 12:25:53] [1] 0.1
INFO [2023-02-15 12:25:53] 
INFO [2023-02-15 12:25:53] $fontfamily
INFO [2023-02-15 12:25:53] [1] "sans"
INFO [2023-02-15 12:25:53] 
INFO [2023-02-15 12:25:53] $cat.fontfamily
INFO [2023-02-15 12:25:53] rep("sans", 3)
INFO [2023-02-15 12:25:53] 
INFO [2023-02-15 12:25:53] $category.names
INFO [2023-02-15 12:25:53] c("RNAseq", "HM450", "miRNAseq")
INFO [2023-02-15 12:25:53] 
INFO [2023-02-15 12:25:53] $filename
INFO [2023-02-15 12:25:53] [1] "Normal"
INFO [2023-02-15 12:25:53] 
