INFO [2023-02-15 13:00:41] $x
INFO [2023-02-15 13:00:41] list(A = substr(mthyltnLUSC$cases[mthyltnLUSC$sample_type == 
INFO [2023-02-15 13:00:41]     "Solid Tissue Normal"], 1, 19), B = substr(xprssnLUSC$cases[xprssnLUSC$sample_type == 
INFO [2023-02-15 13:00:41]     "Solid Tissue Normal"], 1, 19), C = substr(mirnasLUSC$cases[mirnasLUSC$sample_type == 
INFO [2023-02-15 13:00:41]     "Solid Tissue Normal"], 1, 19))
INFO [2023-02-15 13:00:41] 
INFO [2023-02-15 13:00:41] $col
INFO [2023-02-15 13:00:41] [1] "transparent"
INFO [2023-02-15 13:00:41] 
INFO [2023-02-15 13:00:41] $fill
INFO [2023-02-15 13:00:41] c("cornflowerblue", "green", "red")
INFO [2023-02-15 13:00:41] 
INFO [2023-02-15 13:00:41] $alpha
INFO [2023-02-15 13:00:41] [1] 0.5
INFO [2023-02-15 13:00:41] 
INFO [2023-02-15 13:00:41] $cex
INFO [2023-02-15 13:00:41] [1] 1.5
INFO [2023-02-15 13:00:41] 
INFO [2023-02-15 13:00:41] $cat.cex
INFO [2023-02-15 13:00:41] [1] 1.5
INFO [2023-02-15 13:00:41] 
INFO [2023-02-15 13:00:41] $margin
INFO [2023-02-15 13:00:41] [1] 0.1
INFO [2023-02-15 13:00:41] 
INFO [2023-02-15 13:00:41] $fontfamily
INFO [2023-02-15 13:00:41] [1] "sans"
INFO [2023-02-15 13:00:41] 
INFO [2023-02-15 13:00:41] $cat.fontfamily
INFO [2023-02-15 13:00:41] rep("sans", 3)
INFO [2023-02-15 13:00:41] 
INFO [2023-02-15 13:00:41] $category.names
INFO [2023-02-15 13:00:41] c("RNAseq", "HM450", "miRNAseq")
INFO [2023-02-15 13:00:41] 
INFO [2023-02-15 13:00:41] $filename
INFO [2023-02-15 13:00:41] [1] "Normal"
INFO [2023-02-15 13:00:41] 
