INFO [2023-02-15 12:49:49] $x
INFO [2023-02-15 12:49:49] list(A = unique(j[substr(j, 1, 12) %in% subtypes$patient[subtypes$Expression.Subtype == 
INFO [2023-02-15 12:49:49]     x]]), B = unique(i[substr(i, 1, 12) %in% subtypes$patient[subtypes$Expression.Subtype == 
INFO [2023-02-15 12:49:49]     x]]), C = unique(k[substr(k, 1, 12) %in% subtypes$patient[subtypes$Expression.Subtype == 
INFO [2023-02-15 12:49:49]     x]]))
INFO [2023-02-15 12:49:49] 
INFO [2023-02-15 12:49:49] $col
INFO [2023-02-15 12:49:49] [1] "transparent"
INFO [2023-02-15 12:49:49] 
INFO [2023-02-15 12:49:49] $fill
INFO [2023-02-15 12:49:49] c("cornflowerblue", "green", "red")
INFO [2023-02-15 12:49:49] 
INFO [2023-02-15 12:49:49] $alpha
INFO [2023-02-15 12:49:49] [1] 0.5
INFO [2023-02-15 12:49:49] 
INFO [2023-02-15 12:49:49] $cex
INFO [2023-02-15 12:49:49] [1] 1.5
INFO [2023-02-15 12:49:49] 
INFO [2023-02-15 12:49:49] $cat.cex
INFO [2023-02-15 12:49:49] [1] 1.5
INFO [2023-02-15 12:49:49] 
INFO [2023-02-15 12:49:49] $margin
INFO [2023-02-15 12:49:49] [1] 0.1
INFO [2023-02-15 12:49:49] 
INFO [2023-02-15 12:49:49] $fontfamily
INFO [2023-02-15 12:49:49] [1] "sans"
INFO [2023-02-15 12:49:49] 
INFO [2023-02-15 12:49:49] $cat.fontfamily
INFO [2023-02-15 12:49:49] rep("sans", 3)
INFO [2023-02-15 12:49:49] 
INFO [2023-02-15 12:49:49] $category.names
INFO [2023-02-15 12:49:49] c("RNAseq", "HM450", "miRNAseq")
INFO [2023-02-15 12:49:49] 
INFO [2023-02-15 12:49:49] $filename
INFO [2023-02-15 12:49:49] x
INFO [2023-02-15 12:49:49] 
