INFO [2023-02-16 10:33:20] $x
INFO [2023-02-16 10:33:20] list(A = unique(j[substr(j, 1, 12) %in% subtypes$patient[subtypes$Expression.Subtype == 
INFO [2023-02-16 10:33:20]     x]]), B = unique(i[substr(i, 1, 12) %in% subtypes$patient[subtypes$Expression.Subtype == 
INFO [2023-02-16 10:33:20]     x]]), C = unique(k[substr(k, 1, 12) %in% subtypes$patient[subtypes$Expression.Subtype == 
INFO [2023-02-16 10:33:20]     x]]))
INFO [2023-02-16 10:33:20] 
INFO [2023-02-16 10:33:20] $col
INFO [2023-02-16 10:33:20] [1] "transparent"
INFO [2023-02-16 10:33:20] 
INFO [2023-02-16 10:33:20] $fill
INFO [2023-02-16 10:33:20] c("cornflowerblue", "green", "red")
INFO [2023-02-16 10:33:20] 
INFO [2023-02-16 10:33:20] $alpha
INFO [2023-02-16 10:33:20] [1] 0.5
INFO [2023-02-16 10:33:20] 
INFO [2023-02-16 10:33:20] $cex
INFO [2023-02-16 10:33:20] [1] 1.5
INFO [2023-02-16 10:33:20] 
INFO [2023-02-16 10:33:20] $cat.cex
INFO [2023-02-16 10:33:20] [1] 1.5
INFO [2023-02-16 10:33:20] 
INFO [2023-02-16 10:33:20] $margin
INFO [2023-02-16 10:33:20] [1] 0.1
INFO [2023-02-16 10:33:20] 
INFO [2023-02-16 10:33:20] $fontfamily
INFO [2023-02-16 10:33:20] [1] "sans"
INFO [2023-02-16 10:33:20] 
INFO [2023-02-16 10:33:20] $cat.fontfamily
INFO [2023-02-16 10:33:20] rep("sans", 3)
INFO [2023-02-16 10:33:20] 
INFO [2023-02-16 10:33:20] $category.names
INFO [2023-02-16 10:33:20] c("RNAseq", "HM450", "miRNAseq")
INFO [2023-02-16 10:33:20] 
INFO [2023-02-16 10:33:20] $filename
INFO [2023-02-16 10:33:20] x
INFO [2023-02-16 10:33:20] 
