INFO [2023-02-16 10:36:23] $x
INFO [2023-02-16 10:36:23] list(A = unique(j[substr(j, 1, 12) %in% subtypes$patient[subtypes$expression_subtype == 
INFO [2023-02-16 10:36:23]     x]]), B = unique(i[substr(i, 1, 12) %in% subtypes$patient[subtypes$expression_subtype == 
INFO [2023-02-16 10:36:23]     x]]), C = unique(k[substr(k, 1, 12) %in% subtypes$patient[subtypes$expression_subtype == 
INFO [2023-02-16 10:36:23]     x]]))
INFO [2023-02-16 10:36:23] 
INFO [2023-02-16 10:36:23] $col
INFO [2023-02-16 10:36:23] [1] "transparent"
INFO [2023-02-16 10:36:23] 
INFO [2023-02-16 10:36:23] $fill
INFO [2023-02-16 10:36:23] c("cornflowerblue", "green", "red")
INFO [2023-02-16 10:36:23] 
INFO [2023-02-16 10:36:23] $alpha
INFO [2023-02-16 10:36:23] [1] 0.5
INFO [2023-02-16 10:36:23] 
INFO [2023-02-16 10:36:23] $cex
INFO [2023-02-16 10:36:23] [1] 1.5
INFO [2023-02-16 10:36:23] 
INFO [2023-02-16 10:36:23] $cat.cex
INFO [2023-02-16 10:36:23] [1] 1.5
INFO [2023-02-16 10:36:23] 
INFO [2023-02-16 10:36:23] $margin
INFO [2023-02-16 10:36:23] [1] 0.1
INFO [2023-02-16 10:36:23] 
INFO [2023-02-16 10:36:23] $fontfamily
INFO [2023-02-16 10:36:23] [1] "sans"
INFO [2023-02-16 10:36:23] 
INFO [2023-02-16 10:36:23] $cat.fontfamily
INFO [2023-02-16 10:36:23] rep("sans", 3)
INFO [2023-02-16 10:36:23] 
INFO [2023-02-16 10:36:23] $category.names
INFO [2023-02-16 10:36:23] c("RNAseq", "HM450", "miRNAseq")
INFO [2023-02-16 10:36:23] 
INFO [2023-02-16 10:36:23] $filename
INFO [2023-02-16 10:36:23] x
INFO [2023-02-16 10:36:23] 
