INFO [2023-02-16 10:36:24] $x
INFO [2023-02-16 10:36:24] list(A = unique(j[substr(j, 1, 12) %in% subtypes$patient[subtypes$expression_subtype == 
INFO [2023-02-16 10:36:24]     x]]), B = unique(i[substr(i, 1, 12) %in% subtypes$patient[subtypes$expression_subtype == 
INFO [2023-02-16 10:36:24]     x]]), C = unique(k[substr(k, 1, 12) %in% subtypes$patient[subtypes$expression_subtype == 
INFO [2023-02-16 10:36:24]     x]]))
INFO [2023-02-16 10:36:24] 
INFO [2023-02-16 10:36:24] $col
INFO [2023-02-16 10:36:24] [1] "transparent"
INFO [2023-02-16 10:36:24] 
INFO [2023-02-16 10:36:24] $fill
INFO [2023-02-16 10:36:24] c("cornflowerblue", "green", "red")
INFO [2023-02-16 10:36:24] 
INFO [2023-02-16 10:36:24] $alpha
INFO [2023-02-16 10:36:24] [1] 0.5
INFO [2023-02-16 10:36:24] 
INFO [2023-02-16 10:36:24] $cex
INFO [2023-02-16 10:36:24] [1] 1.5
INFO [2023-02-16 10:36:24] 
INFO [2023-02-16 10:36:24] $cat.cex
INFO [2023-02-16 10:36:24] [1] 1.5
INFO [2023-02-16 10:36:24] 
INFO [2023-02-16 10:36:24] $margin
INFO [2023-02-16 10:36:24] [1] 0.1
INFO [2023-02-16 10:36:24] 
INFO [2023-02-16 10:36:24] $fontfamily
INFO [2023-02-16 10:36:24] [1] "sans"
INFO [2023-02-16 10:36:24] 
INFO [2023-02-16 10:36:24] $cat.fontfamily
INFO [2023-02-16 10:36:24] rep("sans", 3)
INFO [2023-02-16 10:36:24] 
INFO [2023-02-16 10:36:24] $category.names
INFO [2023-02-16 10:36:24] c("RNAseq", "HM450", "miRNAseq")
INFO [2023-02-16 10:36:24] 
INFO [2023-02-16 10:36:24] $filename
INFO [2023-02-16 10:36:24] x
INFO [2023-02-16 10:36:24] 
