INFO [2023-02-16 10:25:39] $x
INFO [2023-02-16 10:25:39] list(A = unique(j[substr(j, 1, 12) %in% subtypes$patient[subtypes$expression_subtype == 
INFO [2023-02-16 10:25:39]     x]]), B = unique(i[substr(i, 1, 12) %in% subtypes$patient[subtypes$expression_subtype == 
INFO [2023-02-16 10:25:39]     x]]), C = unique(k[substr(k, 1, 12) %in% subtypes$patient[subtypes$expression_subtype == 
INFO [2023-02-16 10:25:39]     x]]))
INFO [2023-02-16 10:25:39] 
INFO [2023-02-16 10:25:39] $col
INFO [2023-02-16 10:25:39] [1] "transparent"
INFO [2023-02-16 10:25:39] 
INFO [2023-02-16 10:25:39] $fill
INFO [2023-02-16 10:25:39] c("cornflowerblue", "green", "red")
INFO [2023-02-16 10:25:39] 
INFO [2023-02-16 10:25:39] $alpha
INFO [2023-02-16 10:25:39] [1] 0.5
INFO [2023-02-16 10:25:39] 
INFO [2023-02-16 10:25:39] $cex
INFO [2023-02-16 10:25:39] [1] 1.5
INFO [2023-02-16 10:25:39] 
INFO [2023-02-16 10:25:39] $cat.cex
INFO [2023-02-16 10:25:39] [1] 1.5
INFO [2023-02-16 10:25:39] 
INFO [2023-02-16 10:25:39] $margin
INFO [2023-02-16 10:25:39] [1] 0.1
INFO [2023-02-16 10:25:39] 
INFO [2023-02-16 10:25:39] $fontfamily
INFO [2023-02-16 10:25:39] [1] "sans"
INFO [2023-02-16 10:25:39] 
INFO [2023-02-16 10:25:39] $cat.fontfamily
INFO [2023-02-16 10:25:39] rep("sans", 3)
INFO [2023-02-16 10:25:39] 
INFO [2023-02-16 10:25:39] $category.names
INFO [2023-02-16 10:25:39] c("RNAseq", "HM450", "miRNAseq")
INFO [2023-02-16 10:25:39] 
INFO [2023-02-16 10:25:39] $filename
INFO [2023-02-16 10:25:39] x
INFO [2023-02-16 10:25:39] 
