INFO [2023-02-15 13:27:42] $x
INFO [2023-02-15 13:27:42] list(A = unique(j[substr(j, 1, 12) %in% subtypes$patient[subtypes$expression_subtype == 
INFO [2023-02-15 13:27:42]     x]]), B = unique(i[substr(i, 1, 12) %in% subtypes$patient[subtypes$expression_subtype == 
INFO [2023-02-15 13:27:42]     x]]), C = unique(k[substr(k, 1, 12) %in% subtypes$patient[subtypes$expression_subtype == 
INFO [2023-02-15 13:27:42]     x]]))
INFO [2023-02-15 13:27:42] 
INFO [2023-02-15 13:27:42] $col
INFO [2023-02-15 13:27:42] [1] "transparent"
INFO [2023-02-15 13:27:42] 
INFO [2023-02-15 13:27:42] $fill
INFO [2023-02-15 13:27:42] c("cornflowerblue", "green", "red")
INFO [2023-02-15 13:27:42] 
INFO [2023-02-15 13:27:42] $alpha
INFO [2023-02-15 13:27:42] [1] 0.5
INFO [2023-02-15 13:27:42] 
INFO [2023-02-15 13:27:42] $cex
INFO [2023-02-15 13:27:42] [1] 1.5
INFO [2023-02-15 13:27:42] 
INFO [2023-02-15 13:27:42] $cat.cex
INFO [2023-02-15 13:27:42] [1] 1.5
INFO [2023-02-15 13:27:42] 
INFO [2023-02-15 13:27:42] $margin
INFO [2023-02-15 13:27:42] [1] 0.1
INFO [2023-02-15 13:27:42] 
INFO [2023-02-15 13:27:42] $fontfamily
INFO [2023-02-15 13:27:42] [1] "sans"
INFO [2023-02-15 13:27:42] 
INFO [2023-02-15 13:27:42] $cat.fontfamily
INFO [2023-02-15 13:27:42] rep("sans", 3)
INFO [2023-02-15 13:27:42] 
INFO [2023-02-15 13:27:42] $category.names
INFO [2023-02-15 13:27:42] c("RNAseq", "HM450", "miRNAseq")
INFO [2023-02-15 13:27:42] 
INFO [2023-02-15 13:27:42] $filename
INFO [2023-02-15 13:27:42] x
INFO [2023-02-15 13:27:42] 
