INFO [2023-02-15 13:23:00] $x
INFO [2023-02-15 13:23:00] list(A = unique(j[substr(j, 1, 12) %in% subtypes$patient[subtypes$expression_subtype == 
INFO [2023-02-15 13:23:00]     x]]), B = unique(i[substr(i, 1, 12) %in% subtypes$patient[subtypes$expression_subtype == 
INFO [2023-02-15 13:23:00]     x]]), C = unique(k[substr(k, 1, 12) %in% subtypes$patient[subtypes$expression_subtype == 
INFO [2023-02-15 13:23:00]     x]]))
INFO [2023-02-15 13:23:00] 
INFO [2023-02-15 13:23:00] $col
INFO [2023-02-15 13:23:00] [1] "transparent"
INFO [2023-02-15 13:23:00] 
INFO [2023-02-15 13:23:00] $fill
INFO [2023-02-15 13:23:00] c("cornflowerblue", "green", "red")
INFO [2023-02-15 13:23:00] 
INFO [2023-02-15 13:23:00] $alpha
INFO [2023-02-15 13:23:00] [1] 0.5
INFO [2023-02-15 13:23:00] 
INFO [2023-02-15 13:23:00] $cex
INFO [2023-02-15 13:23:00] [1] 1.5
INFO [2023-02-15 13:23:00] 
INFO [2023-02-15 13:23:00] $cat.cex
INFO [2023-02-15 13:23:00] [1] 1.5
INFO [2023-02-15 13:23:00] 
INFO [2023-02-15 13:23:00] $margin
INFO [2023-02-15 13:23:00] [1] 0.1
INFO [2023-02-15 13:23:00] 
INFO [2023-02-15 13:23:00] $fontfamily
INFO [2023-02-15 13:23:00] [1] "sans"
INFO [2023-02-15 13:23:00] 
INFO [2023-02-15 13:23:00] $cat.fontfamily
INFO [2023-02-15 13:23:00] rep("sans", 3)
INFO [2023-02-15 13:23:00] 
INFO [2023-02-15 13:23:00] $category.names
INFO [2023-02-15 13:23:00] c("RNAseq", "HM450", "miRNAseq")
INFO [2023-02-15 13:23:00] 
INFO [2023-02-15 13:23:00] $filename
INFO [2023-02-15 13:23:00] x
INFO [2023-02-15 13:23:00] 
